  GameClearScene.cpp
C:\Users\hamar\Desktop\KnightsAndGiants\Library\Dxlib_h\DxLib.h(3344,1): warning C4819: ファイルは、現在のコード ページ (932) で表示できない文字を含んでいます。データの損失を防ぐために、ファイルを Unicode 形式で保存してください。
C:\Users\hamar\Desktop\KnightsAndGiants\Library\Effekseer_h\DxLib.h(3344,1): warning C4819: ファイルは、現在のコード ページ (932) で表示できない文字を含んでいます。データの損失を防ぐために、ファイルを Unicode 形式で保存してください。
  GameOverScene.cpp
C:\Users\hamar\Desktop\KnightsAndGiants\Library\Dxlib_h\DxLib.h(3344,1): warning C4819: ファイルは、現在のコード ページ (932) で表示できない文字を含んでいます。データの損失を防ぐために、ファイルを Unicode 形式で保存してください。
C:\Users\hamar\Desktop\KnightsAndGiants\Library\Effekseer_h\DxLib.h(3344,1): warning C4819: ファイルは、現在のコード ページ (932) で表示できない文字を含んでいます。データの損失を防ぐために、ファイルを Unicode 形式で保存してください。
  Player.cpp
C:\Users\hamar\Desktop\KnightsAndGiants\Library\Dxlib_h\DxLib.h(3344,1): warning C4819: ファイルは、現在のコード ページ (932) で表示できない文字を含んでいます。データの損失を防ぐために、ファイルを Unicode 形式で保存してください。
C:\Users\hamar\Desktop\KnightsAndGiants\Player.cpp(431,10): warning C4244: '-=': 'float' から 'int' への変換です。データが失われる可能性があります。
  PlayerClimb.cpp
C:\Users\hamar\Desktop\KnightsAndGiants\Library\Dxlib_h\DxLib.h(3344,1): warning C4819: ファイルは、現在のコード ページ (932) で表示できない文字を含んでいます。データの損失を防ぐために、ファイルを Unicode 形式で保存してください。
  RankingScene.cpp
C:\Users\hamar\Desktop\KnightsAndGiants\Library\Dxlib_h\DxLib.h(3344,1): warning C4819: ファイルは、現在のコード ページ (932) で表示できない文字を含んでいます。データの損失を防ぐために、ファイルを Unicode 形式で保存してください。
  SceneBase.cpp
  TitleScene.cpp
C:\Users\hamar\Desktop\KnightsAndGiants\Library\Dxlib_h\DxLib.h(3344,1): warning C4819: ファイルは、現在のコード ページ (932) で表示できない文字を含んでいます。データの損失を防ぐために、ファイルを Unicode 形式で保存してください。
C:\Users\hamar\Desktop\KnightsAndGiants\TitleScene.cpp(214,131): warning C4244: '引数': 'float' から 'int' への変換です。データが失われる可能性があります。
C:\Users\hamar\Desktop\KnightsAndGiants\TitleScene.cpp(214,92): warning C4244: '引数': 'float' から 'int' への変換です。データが失われる可能性があります。
C:\Users\hamar\Desktop\KnightsAndGiants\TitleScene.cpp(214,43): warning C4244: '引数': 'float' から 'int' への変換です。データが失われる可能性があります。
  TutorialScene.cpp
C:\Users\hamar\Desktop\KnightsAndGiants\Library\Dxlib_h\DxLib.h(3344,1): warning C4819: ファイルは、現在のコード ページ (932) で表示できない文字を含んでいます。データの損失を防ぐために、ファイルを Unicode 形式で保存してください。
  コードを生成中...
  GiantHunt.vcxproj -> C:\Users\hamar\Desktop\KnightsAndGiants\x64\Debug\GiantHunt.exe
